  2.Implementation_exercise.cpp
D:\Algorithms_study\Algorithms\2.Implementation_exercise.cpp(45,23): warning C4018: '<': signed 또는 unsigned가 일치하지 않습니다.
D:\Algorithms_study\Algorithms\2.Implementation_exercise.cpp(46,27): warning C4018: '<': signed 또는 unsigned가 일치하지 않습니다.
D:\Algorithms_study\Algorithms\2.Implementation_exercise.cpp(54,23): warning C4018: '<': signed 또는 unsigned가 일치하지 않습니다.
D:\Algorithms_study\Algorithms\2.Implementation_exercise.cpp(55,27): warning C4018: '<': signed 또는 unsigned가 일치하지 않습니다.
D:\Algorithms_study\Algorithms\2.Implementation_exercise.cpp(66,23): warning C4018: '<': signed 또는 unsigned가 일치하지 않습니다.
D:\Algorithms_study\Algorithms\2.Implementation_exercise.cpp(67,27): warning C4018: '<': signed 또는 unsigned가 일치하지 않습니다.
D:\Algorithms_study\Algorithms\2.Implementation_exercise.cpp(78,23): warning C4018: '<': signed 또는 unsigned가 일치하지 않습니다.
D:\Algorithms_study\Algorithms\2.Implementation_exercise.cpp(79,27): warning C4018: '<': signed 또는 unsigned가 일치하지 않습니다.
D:\Algorithms_study\Algorithms\2.Implementation_exercise.cpp(95,23): warning C4018: '<': signed 또는 unsigned가 일치하지 않습니다.
D:\Algorithms_study\Algorithms\2.Implementation_exercise.cpp(96,27): warning C4018: '<': signed 또는 unsigned가 일치하지 않습니다.
D:\Algorithms_study\Algorithms\2.Implementation_exercise.cpp(104,23): warning C4018: '<': signed 또는 unsigned가 일치하지 않습니다.
D:\Algorithms_study\Algorithms\2.Implementation_exercise.cpp(105,27): warning C4018: '<': signed 또는 unsigned가 일치하지 않습니다.
D:\Algorithms_study\Algorithms\2.Implementation_exercise.cpp(118,19): warning C4018: '>=': signed 또는 unsigned가 일치하지 않습니다.
D:\Algorithms_study\Algorithms\2.Implementation_exercise.cpp(118,42): warning C4018: '<=': signed 또는 unsigned가 일치하지 않습니다.
D:\Algorithms_study\Algorithms\2.Implementation_exercise.cpp(119,23): warning C4018: '>=': signed 또는 unsigned가 일치하지 않습니다.
D:\Algorithms_study\Algorithms\2.Implementation_exercise.cpp(119,46): warning C4018: '<=': signed 또는 unsigned가 일치하지 않습니다.
D:\Algorithms_study\Algorithms\2.Implementation_exercise.cpp(138,27): warning C4018: '<': signed 또는 unsigned가 일치하지 않습니다.
D:\Algorithms_study\Algorithms\2.Implementation_exercise.cpp(140,44): warning C4018: '<': signed 또는 unsigned가 일치하지 않습니다.
D:\Algorithms_study\Algorithms\2.Implementation_exercise.cpp(141,48): warning C4018: '<': signed 또는 unsigned가 일치하지 않습니다.
D:\Algorithms_study\Algorithms\2.Implementation_exercise.cpp(154,25): warning C4018: '>': signed 또는 unsigned가 일치하지 않습니다.
  Algorithms.vcxproj -> D:\Algorithms_study\Debug\Algorithms.exe
